2025-03-13 20:15:14,566 - ERROR - ❌ Exception: getNumETBs() missing 1 required positional argument: 'IndexEventNodes'
Traceback (most recent call last):
  File "/home/philipp/Projects/INES/INES/src/INES.py", line 127, in <module>
    my_ines = INES(12, 0.5, 6, 0.3, 10, 3, 5, "test")
  File "/home/philipp/Projects/INES/INES/src/INES.py", line 94, in __init__
    self.h_mycombi, self.h_combiDict,self.h_criticalMSTypes_criticalMSProjs, self.h_combiExperimentData = generate_combigen(self)
  File "/home/philipp/Projects/INES/INES/src/combigen.py", line 483, in generate_combigen
    getBestChainCombis(self,query, shared, criticalMSTypes, noFilter)
  File "/home/philipp/Projects/INES/INES/src/combigen.py", line 236, in getBestChainCombis
    getBestTreeCombiRec(self,longestPath,query, projection, mylist, [], 0, shared , criticalMSTypes,DistMatrices,MSTrees)
  File "/home/philipp/Projects/INES/INES/src/combigen.py", line 252, in getBestTreeCombiRec
    getBestTreeCombiRec(self,longestPath,query, projection, [], _missingEvents, mycosts, shared, criticalMSTypes,DistMatrices,MSTrees)
  File "/home/philipp/Projects/INES/INES/src/combigen.py", line 288, in getBestTreeCombiRec
    (mycosts, partEvent) = costsOfCombination(self,projection, mycombi, shared, criticalMSTypes,DistMatrices,MSTrees)
  File "/home/philipp/Projects/INES/INES/src/combigen.py", line 311, in costsOfCombination
    mycosts -= (sum(list(map(lambda x: totalRate(self,x,self.h_projrates), [y for y in mycombi if y in combiDict.keys() and not combiDict[y][1]])))) * longestPath
  File "/home/philipp/Projects/INES/INES/src/combigen.py", line 311, in <lambda>
    mycosts -= (sum(list(map(lambda x: totalRate(self,x,self.h_projrates), [y for y in mycombi if y in combiDict.keys() and not combiDict[y][1]])))) * longestPath
  File "/home/philipp/Projects/INES/INES/src/projections.py", line 340, in totalRate
    return projrates[projection][1] * getNumETBs(projection)
TypeError: getNumETBs() missing 1 required positional argument: 'IndexEventNodes'

2025-03-13 20:17:49,308 - ERROR - ❌ Exception: INES.__init__() takes 8 positional arguments but 9 were given
Traceback (most recent call last):
  File "/home/philipp/Projects/INES/INES/src/INES.py", line 127, in <module>
    my_ines = INES(12, 0.5, 6, 0.3, 10, 3, 5, "test")
TypeError: INES.__init__() takes 8 positional arguments but 9 were given

2025-03-13 20:18:06,470 - ERROR - ❌ Exception: INES.__init__() takes 8 positional arguments but 9 were given
Traceback (most recent call last):
  File "/home/philipp/Projects/INES/INES/src/INES.py", line 127, in <module>
    my_ines = INES(12, 0.5, 6, 0.3, 10, 3, 5, "test")
TypeError: INES.__init__() takes 8 positional arguments but 9 were given

